Traceback (most recent call last):
  File "/usr/lib/python3/dist-packages/colcon_parallel_executor/executor/parallel.py", line 67, in execute
    loop.run_until_complete(future)
  File "/usr/lib/python3.8/asyncio/base_events.py", line 603, in run_until_complete
    self.run_forever()
  File "/usr/lib/python3.8/asyncio/base_events.py", line 570, in run_forever
    self._run_once()
  File "/usr/lib/python3.8/asyncio/base_events.py", line 1823, in _run_once
    event_list = self._selector.select(timeout)
  File "/usr/lib/python3.8/selectors.py", line 468, in select
    fd_event_list = self._selector.poll(timeout, max_ev)
KeyboardInterrupt

During handling of the above exception, another exception occurred:

Traceback (most recent call last):
  File "/usr/lib/python3/dist-packages/colcon_core/executor/__init__.py", line 91, in __call__
    rc = await self.task(*args, **kwargs)
  File "/usr/lib/python3/dist-packages/colcon_core/task/__init__.py", line 93, in __call__
    return await task_method(*args, **kwargs)
  File "/usr/lib/python3/dist-packages/colcon_ros/task/ament_python/build.py", line 105, in build
    return await extension.build(additional_hooks=additional_hooks)
  File "/usr/lib/python3/dist-packages/colcon_core/task/python/build.py", line 59, in build
    available_commands = await self._get_available_commands(
  File "/usr/lib/python3/dist-packages/colcon_core/task/python/build.py", line 142, in _get_available_commands
    output = await check_output(
  File "/usr/lib/python3/dist-packages/colcon_core/subprocess.py", line 128, in check_output
    assert not rc, f'Expected {args} to pass: {stderr_data}'
AssertionError: Expected ['/usr/bin/python3', 'setup.py', '--help-commands'] to pass: Traceback (most recent call last):
  File "setup.py", line 3, in <module>
    from setuptools import setup
  File "/home/bridgetech/.local/lib/python3.8/site-packages/setuptools/__init__.py", line 16, in <module>
    import setuptools.version
  File "/home/bridgetech/.local/lib/python3.8/site-packages/setuptools/version.py", line 1, in <module>
    import pkg_resources
  File "/home/bridgetech/.local/lib/python3.8/site-packages/pkg_resources/__init__.py", line 3243, in <module>
    def _initialize_master_working_set():
  File "/home/bridgetech/.local/lib/python3.8/site-packages/pkg_resources/__init__.py", line 3226, in _call_aside
    f(*args, **kwargs)
  File "/home/bridgetech/.local/lib/python3.8/site-packages/pkg_resources/__init__.py", line 3255, in _initialize_master_working_set
    working_set = WorkingSet._build_master()
  File "/home/bridgetech/.local/lib/python3.8/site-packages/pkg_resources/__init__.py", line 559, in _build_master
    ws = cls()
  File "/home/bridgetech/.local/lib/python3.8/site-packages/pkg_resources/__init__.py", line 552, in __init__
    self.add_entry(entry)
  File "/home/bridgetech/.local/lib/python3.8/site-packages/pkg_resources/__init__.py", line 608, in add_entry
    for dist in find_distributions(entry, True):
  File "/home/bridgetech/.local/lib/python3.8/site-packages/pkg_resources/__init__.py", line 2063, in find_on_path
    for dist in factory(fullpath):
  File "/home/bridgetech/.local/lib/python3.8/site-packages/pkg_resources/__init__.py", line 2128, in distributions_from_metadata
    yield Distribution.from_location(
  File "/home/bridgetech/.local/lib/python3.8/site-packages/pkg_resources/__init__.py", line 2588, in from_location
    return cls(
  File "/home/bridgetech/.local/lib/python3.8/site-packages/pkg_resources/__init__.py", line 2989, in _reload_version
    md_version = self._get_version()
  File "/home/bridgetech/.local/lib/python3.8/site-packages/pkg_resources/__init__.py", line 2770, in _get_version
    version = _version_from_file(lines)
  File "/home/bridgetech/.local/lib/python3.8/site-packages/pkg_resources/__init__.py", line 2554, in _version_from_file
    line = next(iter(version_lines), '')
  File "/home/bridgetech/.local/lib/python3.8/site-packages/pkg_resources/__init__.py", line 2765, in _get_metadata
    for line in self.get_metadata_lines(name):
  File "/home/bridgetech/.local/lib/python3.8/site-packages/pkg_resources/__init__.py", line 1417, in get_metadata_lines
    return yield_lines(self.get_metadata(name))
  File "/home/bridgetech/.local/lib/python3.8/site-packages/pkg_resources/__init__.py", line 1407, in get_metadata
    value = self._get(path)
  File "/home/bridgetech/.local/lib/python3.8/site-packages/pkg_resources/__init__.py", line 1612, in _get
    return stream.read()
KeyboardInterrupt

